Using pre-set license
Built from '2020.3/staging' branch; Version is '2020.3.26f1 (7298b473bc1a) revision 7510196'; Using compiler version '192528614'; Build Type 'Release'
OS: 'Windows 10  (10.0.19044) 64bit Professional' Language: 'en' Physical Memory: 8135 MB
BatchMode: 1, IsHumanControllingUs: 0, StartBugReporterOnCrash: 0, Is64bit: 1, IsPro: 0

COMMAND LINE ARGUMENTS:
D:\Unity\2020.3.26f1\Editor\Unity.exe
-adb2
-batchMode
-noUpm
-name
AssetImportWorker0
-projectPath
D:/Simple Defender
-logFile
Logs/AssetImportWorker0.log
-srvPort
59894
Successfully changed project path to: D:/Simple Defender
D:/Simple Defender
Using Asset Import Pipeline V2.
Refreshing native plugins compatible for Editor in 79.33 ms, found 3 plugins.
Preloading 0 native plugins for Editor in 0.00 ms.
Initialize engine version: 2020.3.26f1 (7298b473bc1a)
[Subsystems] Discovering subsystems at path D:/Unity/2020.3.26f1/Editor/Data/Resources/UnitySubsystems
[Subsystems] Discovering subsystems at path D:/Simple Defender/Assets
GfxDevice: creating device client; threaded=0
Direct3D:
    Version:  Direct3D 11.0 [level 11.1]
    Renderer: AMD Radeon HD 7700 Series (ID=0x665c)
    Vendor:   
    VRAM:     999 MB
    Driver:   27.20.20903.8001
Initialize mono
Mono path[0] = 'D:/Unity/2020.3.26f1/Editor/Data/Managed'
Mono path[1] = 'D:/Unity/2020.3.26f1/Editor/Data/MonoBleedingEdge/lib/mono/unityjit'
Mono config path = 'D:/Unity/2020.3.26f1/Editor/Data/MonoBleedingEdge/etc'
Using monoOptions --debugger-agent=transport=dt_socket,embedding=1,server=y,suspend=n,address=127.0.0.1:56308
Begin MonoManager ReloadAssembly
Registering precompiled unity dll's ...
Register platform support module: D:/Unity/2020.3.26f1/Editor/Data/PlaybackEngines/WindowsStandaloneSupport/UnityEditor.WindowsStandalone.Extensions.dll
Registered in 0.002446 seconds.
Native extension for WindowsStandalone target not found
Refreshing native plugins compatible for Editor in 64.71 ms, found 3 plugins.
Preloading 0 native plugins for Editor in 0.00 ms.
Mono: successfully reloaded assembly
- Completed reload, in  0.911 seconds
Domain Reload Profiling:
	ReloadAssembly (911ms)
		BeginReloadAssembly (91ms)
			ExecutionOrderSort (0ms)
			DisableScriptedObjects (0ms)
			BackupInstance (0ms)
			ReleaseScriptingObjects (0ms)
			CreateAndSetChildDomain (1ms)
		EndReloadAssembly (713ms)
			LoadAssemblies (89ms)
			RebuildTransferFunctionScriptingTraits (0ms)
			SetupTypeCache (236ms)
			ReleaseScriptCaches (0ms)
			RebuildScriptCaches (54ms)
			SetupLoadedEditorAssemblies (288ms)
				LogAssemblyErrors (0ms)
				InitializePlatformSupportModulesInManaged (6ms)
				SetLoadedEditorAssemblies (0ms)
				RefreshPlugins (65ms)
				BeforeProcessingInitializeOnLoad (23ms)
				ProcessInitializeOnLoadAttributes (152ms)
				ProcessInitializeOnLoadMethodAttributes (40ms)
				AfterProcessingInitializeOnLoad (0ms)
				EditorAssembliesLoaded (0ms)
			ExecutionOrderSort2 (0ms)
			AwakeInstancesAfterBackupRestoration (0ms)
Platform modules already initialized, skipping
Registering precompiled user dll's ...
Registered in 0.009575 seconds.
Begin MonoManager ReloadAssembly
Native extension for WindowsStandalone target not found
Refreshing native plugins compatible for Editor in 67.16 ms, found 3 plugins.
Preloading 0 native plugins for Editor in 0.00 ms.
Mono: successfully reloaded assembly
- Completed reload, in  1.780 seconds
Domain Reload Profiling:
	ReloadAssembly (1782ms)
		BeginReloadAssembly (208ms)
			ExecutionOrderSort (0ms)
			DisableScriptedObjects (8ms)
			BackupInstance (0ms)
			ReleaseScriptingObjects (0ms)
			CreateAndSetChildDomain (26ms)
		EndReloadAssembly (1496ms)
			LoadAssemblies (264ms)
			RebuildTransferFunctionScriptingTraits (0ms)
			SetupTypeCache (436ms)
			ReleaseScriptCaches (1ms)
			RebuildScriptCaches (94ms)
			SetupLoadedEditorAssemblies (534ms)
				LogAssemblyErrors (0ms)
				InitializePlatformSupportModulesInManaged (5ms)
				SetLoadedEditorAssemblies (0ms)
				RefreshPlugins (67ms)
				BeforeProcessingInitializeOnLoad (120ms)
				ProcessInitializeOnLoadAttributes (309ms)
				ProcessInitializeOnLoadMethodAttributes (29ms)
				AfterProcessingInitializeOnLoad (4ms)
				EditorAssembliesLoaded (0ms)
			ExecutionOrderSort2 (0ms)
			AwakeInstancesAfterBackupRestoration (16ms)
Platform modules already initialized, skipping
========================================================================
Worker process is ready to serve import requests
Launched and connected shader compiler UnityShaderCompiler.exe after 0.14 seconds
Refreshing native plugins compatible for Editor in 0.65 ms, found 3 plugins.
Preloading 0 native plugins for Editor in 0.00 ms.
Unloading 2291 Unused Serialized files (Serialized files now loaded: 0)
System memory in use before: 100.7 MB.
System memory in use after: 100.9 MB.

Unloading 29 unused Assets to reduce memory usage. Loaded Objects now: 2731.
Total: 3.933500 ms (FindLiveObjects: 0.288500 ms CreateObjectMapping: 0.221000 ms MarkObjects: 3.382500 ms  DeleteObjects: 0.040000 ms)

AssetImportParameters requested are different than current active one (requested -> active):
  custom:framework-win-MediaFoundation: 216162199b28c13a410421893ffa2e32 -> 
  custom:video-decoder-ogg-theora: a1e56fd34408186e4bbccfd4996cb3dc -> 
  custom:container-muxer-webm: aa71ff27fc2769a1b78a27578f13a17b -> 
  custom:container-demuxer-webm: 4f35f7cbe854078d1ac9338744f61a02 -> 
  custom:container-demuxer-ogg: 62fdf1f143b41e24485cea50d1cbac27 -> 
  custom:video-encoder-webm-vp8: eb34c28f22e8b96e1ab97ce403110664 -> 
  custom:video-decoder-webm-vp8: 9c59270c3fd7afecdb556c50c9e8de78 -> 
  custom:audio-decoder-ogg-vorbis: bf7c407c2cedff20999df2af8eb42d56 -> 
  custom:audio-encoder-webm-vorbis: bf7c407c2cedff20999df2af8eb42d56 -> 
========================================================================
Received Import Request.
  path: Assets/Bundles/Prefabs/Levels/_Level.prefab
  artifactKey: Guid(e7e47a46ecb877841a4c88798b32cd52) Importer(815301076,1909f56bfc062723c751e8b465ee728b)
Start importing Assets/Bundles/Prefabs/Levels/_Level.prefab using Guid(e7e47a46ecb877841a4c88798b32cd52) Importer(815301076,1909f56bfc062723c751e8b465ee728b)  -> (artifact id: '2847b7bc2efefc61e266aed3bfd8ea7e') in 0.342455 seconds 
  Import took 0.348595 seconds .

========================================================================
Received Import Request.
  Time since last request: 46.552527 seconds.
  path: Assets/Bundles/Prefabs/CommonUIs/GUI.prefab
  artifactKey: Guid(2252184d5cfcdda42bde5050a0f62535) Importer(815301076,1909f56bfc062723c751e8b465ee728b)
Start importing Assets/Bundles/Prefabs/CommonUIs/GUI.prefab using Guid(2252184d5cfcdda42bde5050a0f62535) Importer(815301076,1909f56bfc062723c751e8b465ee728b)  -> (artifact id: '975094e47e9cd490c84f0adb6890e75e') in 0.042816 seconds 
  Import took 0.047678 seconds .

========================================================================
Received Import Request.
  Time since last request: 7.733706 seconds.
  path: Assets/Bundles/Prefabs/CommonUIs/CheckpointItem.prefab
  artifactKey: Guid(cbb938cd5e4ec9c41b59332b70f42643) Importer(815301076,1909f56bfc062723c751e8b465ee728b)
Start importing Assets/Bundles/Prefabs/CommonUIs/CheckpointItem.prefab using Guid(cbb938cd5e4ec9c41b59332b70f42643) Importer(815301076,1909f56bfc062723c751e8b465ee728b)  -> (artifact id: 'ead214ea3e6b34762e2be22d9de25f76') in 0.010210 seconds 
  Import took 0.015530 seconds .

========================================================================
Received Import Request.
  Time since last request: 26.866055 seconds.
  path: Assets/Bundles/Prefabs/CommonUIs/CheckpointItem.prefab
  artifactKey: Guid(cbb938cd5e4ec9c41b59332b70f42643) Importer(815301076,1909f56bfc062723c751e8b465ee728b)
Start importing Assets/Bundles/Prefabs/CommonUIs/CheckpointItem.prefab using Guid(cbb938cd5e4ec9c41b59332b70f42643) Importer(815301076,1909f56bfc062723c751e8b465ee728b)  -> (artifact id: 'a5ec9c4192b0ace9fa4c5a1886c5c8cc') in 0.009094 seconds 
  Import took 0.014721 seconds .

========================================================================
Received Prepare
Registering precompiled user dll's ...
Registered in 0.027573 seconds.
Begin MonoManager ReloadAssembly
Native extension for WindowsStandalone target not found
Refreshing native plugins compatible for Editor in 0.61 ms, found 3 plugins.
Preloading 0 native plugins for Editor in 0.00 ms.
Mono: successfully reloaded assembly
- Completed reload, in  2.371 seconds
Domain Reload Profiling:
	ReloadAssembly (2372ms)
		BeginReloadAssembly (406ms)
			ExecutionOrderSort (0ms)
			DisableScriptedObjects (13ms)
			BackupInstance (0ms)
			ReleaseScriptingObjects (0ms)
			CreateAndSetChildDomain (95ms)
		EndReloadAssembly (1826ms)
			LoadAssemblies (511ms)
			RebuildTransferFunctionScriptingTraits (0ms)
			SetupTypeCache (678ms)
			ReleaseScriptCaches (1ms)
			RebuildScriptCaches (85ms)
			SetupLoadedEditorAssemblies (594ms)
				LogAssemblyErrors (0ms)
				InitializePlatformSupportModulesInManaged (6ms)
				SetLoadedEditorAssemblies (1ms)
				RefreshPlugins (1ms)
				BeforeProcessingInitializeOnLoad (127ms)
				ProcessInitializeOnLoadAttributes (424ms)
				ProcessInitializeOnLoadMethodAttributes (32ms)
				AfterProcessingInitializeOnLoad (3ms)
				EditorAssembliesLoaded (0ms)
			ExecutionOrderSort2 (0ms)
			AwakeInstancesAfterBackupRestoration (17ms)
Platform modules already initialized, skipping
Refreshing native plugins compatible for Editor in 0.63 ms, found 3 plugins.
Preloading 0 native plugins for Editor in 0.00 ms.
Unloading 2267 Unused Serialized files (Serialized files now loaded: 0)
System memory in use before: 102.0 MB.
System memory in use after: 102.2 MB.

Unloading 23 unused Assets to reduce memory usage. Loaded Objects now: 2742.
Total: 5.315100 ms (FindLiveObjects: 0.317800 ms CreateObjectMapping: 0.187700 ms MarkObjects: 4.764900 ms  DeleteObjects: 0.042300 ms)

AssetImportParameters requested are different than current active one (requested -> active):
  custom:framework-win-MediaFoundation: 216162199b28c13a410421893ffa2e32 -> 
  custom:video-decoder-ogg-theora: a1e56fd34408186e4bbccfd4996cb3dc -> 
  custom:container-muxer-webm: aa71ff27fc2769a1b78a27578f13a17b -> 
  custom:container-demuxer-webm: 4f35f7cbe854078d1ac9338744f61a02 -> 
  custom:container-demuxer-ogg: 62fdf1f143b41e24485cea50d1cbac27 -> 
  custom:video-encoder-webm-vp8: eb34c28f22e8b96e1ab97ce403110664 -> 
  custom:video-decoder-webm-vp8: 9c59270c3fd7afecdb556c50c9e8de78 -> 
  custom:audio-decoder-ogg-vorbis: bf7c407c2cedff20999df2af8eb42d56 -> 
  custom:audio-encoder-webm-vorbis: bf7c407c2cedff20999df2af8eb42d56 -> 
========================================================================
Received Import Request.
  Time since last request: 325.347111 seconds.
  path: Assets/Bundles/Prefabs/Levels/_Level.prefab
  artifactKey: Guid(e7e47a46ecb877841a4c88798b32cd52) Importer(815301076,1909f56bfc062723c751e8b465ee728b)
Start importing Assets/Bundles/Prefabs/Levels/_Level.prefab using Guid(e7e47a46ecb877841a4c88798b32cd52) Importer(815301076,1909f56bfc062723c751e8b465ee728b)  -> (artifact id: '499973ef833cd4e15cb7788ba4915342') in 0.255662 seconds 
  Import took 0.261666 seconds .

========================================================================
Received Import Request.
  Time since last request: 29.801823 seconds.
  path: Assets/Bundles/Prefabs/Levels/_Level.prefab
  artifactKey: Guid(e7e47a46ecb877841a4c88798b32cd52) Importer(815301076,1909f56bfc062723c751e8b465ee728b)
Start importing Assets/Bundles/Prefabs/Levels/_Level.prefab using Guid(e7e47a46ecb877841a4c88798b32cd52) Importer(815301076,1909f56bfc062723c751e8b465ee728b)  -> (artifact id: '7f3080732731b4f7da5617f660b5af31') in 0.058707 seconds 
  Import took 0.065058 seconds .

========================================================================
Received Import Request.
  Time since last request: 127.297838 seconds.
  path: Assets/Bundles/Prefabs/Levels/_Level 1.prefab
  artifactKey: Guid(c46fca284cfb59c4cb5870c4a30ddfa8) Importer(815301076,1909f56bfc062723c751e8b465ee728b)
Start importing Assets/Bundles/Prefabs/Levels/_Level 1.prefab using Guid(c46fca284cfb59c4cb5870c4a30ddfa8) Importer(815301076,1909f56bfc062723c751e8b465ee728b)  -> (artifact id: '183c28b5b72c5cb09fd7fd0f3f2e55ec') in 0.087543 seconds 
  Import took 0.094241 seconds .

========================================================================
Received Import Request.
  Time since last request: 0.000251 seconds.
  path: Assets/Bundles/Prefabs/Levels/_Level.prefab
  artifactKey: Guid(e7e47a46ecb877841a4c88798b32cd52) Importer(815301076,1909f56bfc062723c751e8b465ee728b)
Start importing Assets/Bundles/Prefabs/Levels/_Level.prefab using Guid(e7e47a46ecb877841a4c88798b32cd52) Importer(815301076,1909f56bfc062723c751e8b465ee728b)  -> (artifact id: '7f06d9244c20ac82f2aae4d863f188a2') in 0.062968 seconds 
  Import took 0.068830 seconds .

========================================================================
Received Import Request.
  Time since last request: 25.147032 seconds.
  path: Assets/Bundles/Prefabs/Levels/_Level.prefab
  artifactKey: Guid(e7e47a46ecb877841a4c88798b32cd52) Importer(815301076,1909f56bfc062723c751e8b465ee728b)
Start importing Assets/Bundles/Prefabs/Levels/_Level.prefab using Guid(e7e47a46ecb877841a4c88798b32cd52) Importer(815301076,1909f56bfc062723c751e8b465ee728b)  -> (artifact id: '97ba96746d4f15013b2b9688fe521afc') in 0.061362 seconds 
  Import took 0.068186 seconds .

========================================================================
Received Import Request.
  Time since last request: 26.533296 seconds.
  path: Assets/Bundles/Prefabs/CommonUIs/CheckpointItem.prefab
  artifactKey: Guid(cbb938cd5e4ec9c41b59332b70f42643) Importer(815301076,1909f56bfc062723c751e8b465ee728b)
Start importing Assets/Bundles/Prefabs/CommonUIs/CheckpointItem.prefab using Guid(cbb938cd5e4ec9c41b59332b70f42643) Importer(815301076,1909f56bfc062723c751e8b465ee728b)  -> (artifact id: '66f9df34ead245cf696b8c57f3f6fa31') in 0.036680 seconds 
  Import took 0.041577 seconds .

========================================================================
Received Import Request.
  Time since last request: 0.000264 seconds.
  path: Assets/Bundles/Prefabs/CommonUIs/GUI.prefab
  artifactKey: Guid(2252184d5cfcdda42bde5050a0f62535) Importer(815301076,1909f56bfc062723c751e8b465ee728b)
Start importing Assets/Bundles/Prefabs/CommonUIs/GUI.prefab using Guid(2252184d5cfcdda42bde5050a0f62535) Importer(815301076,1909f56bfc062723c751e8b465ee728b)  -> (artifact id: 'af95c8e04b22899e3ad8ec7c9268f5d1') in 0.039524 seconds 
  Import took 0.044865 seconds .

========================================================================
Received Import Request.
  Time since last request: 27.304455 seconds.
  path: Assets/Bundles/Prefabs/CommonUIs/GUI.prefab
  artifactKey: Guid(2252184d5cfcdda42bde5050a0f62535) Importer(815301076,1909f56bfc062723c751e8b465ee728b)
Start importing Assets/Bundles/Prefabs/CommonUIs/GUI.prefab using Guid(2252184d5cfcdda42bde5050a0f62535) Importer(815301076,1909f56bfc062723c751e8b465ee728b)  -> (artifact id: 'a1aa2e6ecc3d10b96b07fd720bbc3732') in 0.044292 seconds 
  Import took 0.049474 seconds .

========================================================================
Received Import Request.
  Time since last request: 158.861803 seconds.
  path: Assets/Bundles/Prefabs/CommonUIs/GUI.prefab
  artifactKey: Guid(2252184d5cfcdda42bde5050a0f62535) Importer(815301076,1909f56bfc062723c751e8b465ee728b)
Start importing Assets/Bundles/Prefabs/CommonUIs/GUI.prefab using Guid(2252184d5cfcdda42bde5050a0f62535) Importer(815301076,1909f56bfc062723c751e8b465ee728b)  -> (artifact id: '32e6925280eac159cf2b01952f4efec8') in 0.040787 seconds 
  Import took 0.046562 seconds .

========================================================================
Received Import Request.
  Time since last request: 17.269752 seconds.
  path: Assets/Bundles/Prefabs/CommonUIs/GUI.prefab
  artifactKey: Guid(2252184d5cfcdda42bde5050a0f62535) Importer(815301076,1909f56bfc062723c751e8b465ee728b)
Start importing Assets/Bundles/Prefabs/CommonUIs/GUI.prefab using Guid(2252184d5cfcdda42bde5050a0f62535) Importer(815301076,1909f56bfc062723c751e8b465ee728b)  -> (artifact id: 'aa0c8f11011e43eb551f1c724b7e410e') in 0.037941 seconds 
  Import took 0.042944 seconds .

========================================================================
Received Prepare
Registering precompiled user dll's ...
Registered in 0.015104 seconds.
Begin MonoManager ReloadAssembly
Native extension for WindowsStandalone target not found
Refreshing native plugins compatible for Editor in 0.63 ms, found 3 plugins.
Preloading 0 native plugins for Editor in 0.00 ms.
Mono: successfully reloaded assembly
- Completed reload, in  1.542 seconds
Domain Reload Profiling:
	ReloadAssembly (1542ms)
		BeginReloadAssembly (182ms)
			ExecutionOrderSort (0ms)
			DisableScriptedObjects (11ms)
			BackupInstance (0ms)
			ReleaseScriptingObjects (0ms)
			CreateAndSetChildDomain (52ms)
		EndReloadAssembly (1279ms)
			LoadAssemblies (144ms)
			RebuildTransferFunctionScriptingTraits (0ms)
			SetupTypeCache (423ms)
			ReleaseScriptCaches (1ms)
			RebuildScriptCaches (82ms)
			SetupLoadedEditorAssemblies (485ms)
				LogAssemblyErrors (0ms)
				InitializePlatformSupportModulesInManaged (8ms)
				SetLoadedEditorAssemblies (1ms)
				RefreshPlugins (1ms)
				BeforeProcessingInitializeOnLoad (129ms)
				ProcessInitializeOnLoadAttributes (320ms)
				ProcessInitializeOnLoadMethodAttributes (23ms)
				AfterProcessingInitializeOnLoad (4ms)
				EditorAssembliesLoaded (0ms)
			ExecutionOrderSort2 (0ms)
			AwakeInstancesAfterBackupRestoration (16ms)
Platform modules already initialized, skipping
Refreshing native plugins compatible for Editor in 0.76 ms, found 3 plugins.
Preloading 0 native plugins for Editor in 0.00 ms.
Unloading 2267 Unused Serialized files (Serialized files now loaded: 0)
System memory in use before: 102.1 MB.
System memory in use after: 102.4 MB.

Unloading 23 unused Assets to reduce memory usage. Loaded Objects now: 2745.
Total: 4.633700 ms (FindLiveObjects: 0.299600 ms CreateObjectMapping: 0.643500 ms MarkObjects: 3.638300 ms  DeleteObjects: 0.050800 ms)

AssetImportParameters requested are different than current active one (requested -> active):
  custom:framework-win-MediaFoundation: 216162199b28c13a410421893ffa2e32 -> 
  custom:video-decoder-ogg-theora: a1e56fd34408186e4bbccfd4996cb3dc -> 
  custom:container-muxer-webm: aa71ff27fc2769a1b78a27578f13a17b -> 
  custom:container-demuxer-webm: 4f35f7cbe854078d1ac9338744f61a02 -> 
  custom:container-demuxer-ogg: 62fdf1f143b41e24485cea50d1cbac27 -> 
  custom:video-encoder-webm-vp8: eb34c28f22e8b96e1ab97ce403110664 -> 
  custom:video-decoder-webm-vp8: 9c59270c3fd7afecdb556c50c9e8de78 -> 
  custom:audio-decoder-ogg-vorbis: bf7c407c2cedff20999df2af8eb42d56 -> 
  custom:audio-encoder-webm-vorbis: bf7c407c2cedff20999df2af8eb42d56 -> 
========================================================================
Received Import Request.
  Time since last request: 254.318262 seconds.
  path: Assets/Bundles/Prefabs/CommonUIs/GUI.prefab
  artifactKey: Guid(2252184d5cfcdda42bde5050a0f62535) Importer(815301076,1909f56bfc062723c751e8b465ee728b)
Start importing Assets/Bundles/Prefabs/CommonUIs/GUI.prefab using Guid(2252184d5cfcdda42bde5050a0f62535) Importer(815301076,1909f56bfc062723c751e8b465ee728b)  -> (artifact id: 'a7d6563b96faa2097565d0b6053c8927') in 0.138991 seconds 
  Import took 0.143970 seconds .

========================================================================
Received Prepare
Registering precompiled user dll's ...
Registered in 0.007210 seconds.
Begin MonoManager ReloadAssembly
Native extension for WindowsStandalone target not found
Refreshing native plugins compatible for Editor in 0.62 ms, found 3 plugins.
Preloading 0 native plugins for Editor in 0.00 ms.
Mono: successfully reloaded assembly
- Completed reload, in  1.514 seconds
Domain Reload Profiling:
	ReloadAssembly (1514ms)
		BeginReloadAssembly (187ms)
			ExecutionOrderSort (0ms)
			DisableScriptedObjects (11ms)
			BackupInstance (0ms)
			ReleaseScriptingObjects (0ms)
			CreateAndSetChildDomain (58ms)
		EndReloadAssembly (1241ms)
			LoadAssemblies (149ms)
			RebuildTransferFunctionScriptingTraits (0ms)
			SetupTypeCache (429ms)
			ReleaseScriptCaches (1ms)
			RebuildScriptCaches (79ms)
			SetupLoadedEditorAssemblies (455ms)
				LogAssemblyErrors (0ms)
				InitializePlatformSupportModulesInManaged (7ms)
				SetLoadedEditorAssemblies (1ms)
				RefreshPlugins (1ms)
				BeforeProcessingInitializeOnLoad (124ms)
				ProcessInitializeOnLoadAttributes (302ms)
				ProcessInitializeOnLoadMethodAttributes (17ms)
				AfterProcessingInitializeOnLoad (3ms)
				EditorAssembliesLoaded (0ms)
			ExecutionOrderSort2 (0ms)
			AwakeInstancesAfterBackupRestoration (13ms)
Platform modules already initialized, skipping
Refreshing native plugins compatible for Editor in 0.63 ms, found 3 plugins.
Preloading 0 native plugins for Editor in 0.00 ms.
Unloading 2267 Unused Serialized files (Serialized files now loaded: 0)
System memory in use before: 102.2 MB.
System memory in use after: 102.4 MB.

Unloading 22 unused Assets to reduce memory usage. Loaded Objects now: 2747.
Total: 3.914200 ms (FindLiveObjects: 0.277200 ms CreateObjectMapping: 0.277600 ms MarkObjects: 3.325900 ms  DeleteObjects: 0.032200 ms)

AssetImportParameters requested are different than current active one (requested -> active):
  custom:framework-win-MediaFoundation: 216162199b28c13a410421893ffa2e32 -> 
  custom:video-decoder-ogg-theora: a1e56fd34408186e4bbccfd4996cb3dc -> 
  custom:container-muxer-webm: aa71ff27fc2769a1b78a27578f13a17b -> 
  custom:container-demuxer-webm: 4f35f7cbe854078d1ac9338744f61a02 -> 
  custom:container-demuxer-ogg: 62fdf1f143b41e24485cea50d1cbac27 -> 
  custom:video-encoder-webm-vp8: eb34c28f22e8b96e1ab97ce403110664 -> 
  custom:video-decoder-webm-vp8: 9c59270c3fd7afecdb556c50c9e8de78 -> 
  custom:audio-decoder-ogg-vorbis: bf7c407c2cedff20999df2af8eb42d56 -> 
  custom:audio-encoder-webm-vorbis: bf7c407c2cedff20999df2af8eb42d56 -> 
========================================================================
Received Import Request.
  Time since last request: 67.899014 seconds.
  path: Assets/Bundles/Prefabs/Levels/_Level 1.prefab
  artifactKey: Guid(c46fca284cfb59c4cb5870c4a30ddfa8) Importer(815301076,1909f56bfc062723c751e8b465ee728b)
Start importing Assets/Bundles/Prefabs/Levels/_Level 1.prefab using Guid(c46fca284cfb59c4cb5870c4a30ddfa8) Importer(815301076,1909f56bfc062723c751e8b465ee728b)  -> (artifact id: 'b9c85ee1e709bbb86952edb1f33bbff6') in 0.233876 seconds 
  Import took 0.239790 seconds .

========================================================================
Received Import Request.
  Time since last request: 0.000252 seconds.
  path: Assets/Bundles/Prefabs/Levels/_Level.prefab
  artifactKey: Guid(e7e47a46ecb877841a4c88798b32cd52) Importer(815301076,1909f56bfc062723c751e8b465ee728b)
Start importing Assets/Bundles/Prefabs/Levels/_Level.prefab using Guid(e7e47a46ecb877841a4c88798b32cd52) Importer(815301076,1909f56bfc062723c751e8b465ee728b)  -> (artifact id: '43ea18814eaef6d688c4db7891b546c5') in 0.056787 seconds 
  Import took 0.061947 seconds .

========================================================================
Received Import Request.
  Time since last request: 15.930719 seconds.
  path: Assets/Bundles/Prefabs/Levels/_Level.prefab
  artifactKey: Guid(e7e47a46ecb877841a4c88798b32cd52) Importer(815301076,1909f56bfc062723c751e8b465ee728b)
Start importing Assets/Bundles/Prefabs/Levels/_Level.prefab using Guid(e7e47a46ecb877841a4c88798b32cd52) Importer(815301076,1909f56bfc062723c751e8b465ee728b)  -> (artifact id: '6c45f79cba5a311a00f01cceea8ef61c') in 0.064164 seconds 
  Import took 0.069850 seconds .

========================================================================
Received Prepare
Registering precompiled user dll's ...
Registered in 0.004727 seconds.
Begin MonoManager ReloadAssembly
Native extension for WindowsStandalone target not found
Refreshing native plugins compatible for Editor in 0.61 ms, found 3 plugins.
Preloading 0 native plugins for Editor in 0.00 ms.
Mono: successfully reloaded assembly
- Completed reload, in  1.417 seconds
Domain Reload Profiling:
	ReloadAssembly (1418ms)
		BeginReloadAssembly (149ms)
			ExecutionOrderSort (0ms)
			DisableScriptedObjects (9ms)
			BackupInstance (0ms)
			ReleaseScriptingObjects (0ms)
			CreateAndSetChildDomain (47ms)
		EndReloadAssembly (1196ms)
			LoadAssemblies (125ms)
			RebuildTransferFunctionScriptingTraits (0ms)
			SetupTypeCache (398ms)
			ReleaseScriptCaches (1ms)
			RebuildScriptCaches (110ms)
			SetupLoadedEditorAssemblies (435ms)
				LogAssemblyErrors (0ms)
				InitializePlatformSupportModulesInManaged (6ms)
				SetLoadedEditorAssemblies (1ms)
				RefreshPlugins (1ms)
				BeforeProcessingInitializeOnLoad (116ms)
				ProcessInitializeOnLoadAttributes (291ms)
				ProcessInitializeOnLoadMethodAttributes (17ms)
				AfterProcessingInitializeOnLoad (3ms)
				EditorAssembliesLoaded (0ms)
			ExecutionOrderSort2 (0ms)
			AwakeInstancesAfterBackupRestoration (13ms)
Platform modules already initialized, skipping
Refreshing native plugins compatible for Editor in 0.61 ms, found 3 plugins.
Preloading 0 native plugins for Editor in 0.00 ms.
Unloading 2267 Unused Serialized files (Serialized files now loaded: 0)
System memory in use before: 102.2 MB.
System memory in use after: 102.5 MB.

Unloading 23 unused Assets to reduce memory usage. Loaded Objects now: 2750.
Total: 4.019800 ms (FindLiveObjects: 0.298600 ms CreateObjectMapping: 0.233000 ms MarkObjects: 3.438700 ms  DeleteObjects: 0.047500 ms)

AssetImportParameters requested are different than current active one (requested -> active):
  custom:framework-win-MediaFoundation: 216162199b28c13a410421893ffa2e32 -> 
  custom:video-decoder-ogg-theora: a1e56fd34408186e4bbccfd4996cb3dc -> 
  custom:container-muxer-webm: aa71ff27fc2769a1b78a27578f13a17b -> 
  custom:container-demuxer-webm: 4f35f7cbe854078d1ac9338744f61a02 -> 
  custom:container-demuxer-ogg: 62fdf1f143b41e24485cea50d1cbac27 -> 
  custom:video-encoder-webm-vp8: eb34c28f22e8b96e1ab97ce403110664 -> 
  custom:video-decoder-webm-vp8: 9c59270c3fd7afecdb556c50c9e8de78 -> 
  custom:audio-decoder-ogg-vorbis: bf7c407c2cedff20999df2af8eb42d56 -> 
  custom:audio-encoder-webm-vorbis: bf7c407c2cedff20999df2af8eb42d56 -> 
========================================================================
Received Prepare
Registering precompiled user dll's ...
Registered in 0.004954 seconds.
Begin MonoManager ReloadAssembly
Native extension for WindowsStandalone target not found
Refreshing native plugins compatible for Editor in 1.57 ms, found 3 plugins.
Preloading 0 native plugins for Editor in 0.00 ms.
Mono: successfully reloaded assembly
- Completed reload, in  2.081 seconds
Domain Reload Profiling:
	ReloadAssembly (2081ms)
		BeginReloadAssembly (157ms)
			ExecutionOrderSort (0ms)
			DisableScriptedObjects (10ms)
			BackupInstance (0ms)
			ReleaseScriptingObjects (0ms)
			CreateAndSetChildDomain (44ms)
		EndReloadAssembly (1845ms)
			LoadAssemblies (141ms)
			RebuildTransferFunctionScriptingTraits (0ms)
			SetupTypeCache (419ms)
			ReleaseScriptCaches (3ms)
			RebuildScriptCaches (153ms)
			SetupLoadedEditorAssemblies (814ms)
				LogAssemblyErrors (0ms)
				InitializePlatformSupportModulesInManaged (8ms)
				SetLoadedEditorAssemblies (4ms)
				RefreshPlugins (2ms)
				BeforeProcessingInitializeOnLoad (167ms)
				ProcessInitializeOnLoadAttributes (609ms)
				ProcessInitializeOnLoadMethodAttributes (19ms)
				AfterProcessingInitializeOnLoad (6ms)
				EditorAssembliesLoaded (0ms)
			ExecutionOrderSort2 (0ms)
			AwakeInstancesAfterBackupRestoration (16ms)
Platform modules already initialized, skipping
Refreshing native plugins compatible for Editor in 1.23 ms, found 3 plugins.
Preloading 0 native plugins for Editor in 0.00 ms.
Unloading 2267 Unused Serialized files (Serialized files now loaded: 0)
System memory in use before: 102.1 MB.
System memory in use after: 102.4 MB.

Unloading 19 unused Assets to reduce memory usage. Loaded Objects now: 2752.
Total: 5.297300 ms (FindLiveObjects: 0.305600 ms CreateObjectMapping: 0.241200 ms MarkObjects: 4.717000 ms  DeleteObjects: 0.031300 ms)

AssetImportParameters requested are different than current active one (requested -> active):
  custom:framework-win-MediaFoundation: 216162199b28c13a410421893ffa2e32 -> 
  custom:video-decoder-ogg-theora: a1e56fd34408186e4bbccfd4996cb3dc -> 
  custom:container-muxer-webm: aa71ff27fc2769a1b78a27578f13a17b -> 
  custom:container-demuxer-webm: 4f35f7cbe854078d1ac9338744f61a02 -> 
  custom:container-demuxer-ogg: 62fdf1f143b41e24485cea50d1cbac27 -> 
  custom:video-encoder-webm-vp8: eb34c28f22e8b96e1ab97ce403110664 -> 
  custom:video-decoder-webm-vp8: 9c59270c3fd7afecdb556c50c9e8de78 -> 
  custom:audio-decoder-ogg-vorbis: bf7c407c2cedff20999df2af8eb42d56 -> 
  custom:audio-encoder-webm-vorbis: bf7c407c2cedff20999df2af8eb42d56 -> 
AssetImportWorkerClient::OnTransportError - code=2 error=End of file
